2024-01-13T10:13:10 | INFO | umt : Logging to: exp/finetuning/ret_rtime/b16_25m_200k_4frame_1k/train.log
2024-01-13T10:13:10 | INFO | utils.config_utils : config: {
  data_dir: /data2/dy/code/unmasked_teacher/umt_data
  data_root: /data2/dy/code/unmasked_teacher/umt_data/videos_images
  anno_root_pt: /data2/dy/code/unmasked_teacher/umt_data/anno_pretrain
  anno_root_downstream: /data2/dy/code/unmasked_teacher/umt_data/anno_downstream
  TextEncoders: {
      bert: {
          name: bert_base
          pretrained: bert-base-uncased
          config: configs/config_bert.json
          d_model: 768
          fusion_layer: 9 }
      bert_large: {
          name: bert_large
          pretrained: bert-large-uncased
          config: configs/config_bert_large.json
          d_model: 1024
          fusion_layer: 19 } }
  train_file: ['/data2/dy/code/unmasked_teacher/umt_data/anno_downstream/reversed_in_time/training_100k.json', '/data2/dy/temporal_video/dataset', 'video']
  test_file: {
      test: ['/data2/dy/code/unmasked_teacher/umt_data/anno_downstream/reversed_in_time/test1k.json', '/data2/dy/temporal_video/dataset', 'video'] }
  test_types: ['test']
  num_workers: 6
  stop_key: test/
  is_paragraph_retrieval: False
  num_frames: 4
  num_frames_test: 4
  batch_size: 32
  max_txt_l: 32
  inputs: {
      image_res: 224
      video_input: {
          num_frames: 4
          sample_type: rand
          num_frames_test: 4
          sample_type_test: middle
          random_aug: False }
      max_txt_l: {
          image: 32
          video: 32 }
      batch_size: {
          image: 32
          video: 32 }
      batch_size_test: {
          image: 32
          video: 32 } }
  text_enc: bert
  model: {
      model_cls: UMT
      vision_encoder: {
          name: vit_b16
          img_size: 224
          patch_size: 16
          d_model: 768
          encoder_embed_dim: 768
          encoder_depth: 12
          encoder_num_heads: 12
          drop_path_rate: 0.2
          num_frames: 4
          tubelet_size: 1
          use_checkpoint: True
          checkpoint_num: 12
          clip_decoder_embed_dim: 768
          clip_output_dim: 512
          clip_return_layer: 0
          clip_student_return_interval: 1
          pretrained: /datassd2/pretrained_models/Unmasked_Teacher/b16_ptk710_f8_res224.pth
          clip_teacher: none
          clip_img_size: 224
          clip_return_interval: 1
          video_mask_type: attention
          video_mask_ratio: 0.0
          video_double_mask_ratio: 0.0
          image_mask_type: attention
          image_mask_ratio: 0.0
          image_double_mask_ratio: 0.0
          keep_temporal: True }
      text_encoder: {
          name: bert_base
          pretrained: bert-base-uncased
          config: configs/config_bert.json
          d_model: 768
          fusion_layer: 9 }
      multimodal: {
          enable: True }
      embed_dim: 512
      temp: 0.07 }
  criterion: {
      loss_weight: {
          vtc: 1.0
          mlm: 0.0
          vtm: 1.0
          uta: 0.0 }
      vtm_hard_neg: True
      mlm_masking_prob: 0.5
      uta_norm_type: l2
      uta_loss_type: l2 }
  optimizer: {
      opt: adamW
      lr: 1e-05
      opt_betas: [0.9, 0.999]
      weight_decay: 0.02
      max_grad_norm: -1
      different_lr: {
          enable: False
          module_names: []
          lr: 0.001 } }
  scheduler: {
      sched: cosine
      epochs: 5
      min_lr_multi: 0.01
      warmup_epochs: 1 }
  evaluate: True
  deep_fusion: False
  evaluation: {
      eval_frame_ensemble: concat
      eval_x_only: False
      k_test: 128
      eval_offload: True }
  fp16: True
  gradient_checkpointing: True
  wandb: {
      enable: False
      entity: user
      project: umt_ret }
  dist_url: env://
  device: cuda
  mode: pt
  output_dir: exp/finetuning/ret_rtime/b16_25m_200k_4frame_1k
  resume: False
  debug: False
  log_freq: 100
  seed: 42
  save_latest: True
  auto_resume: True
  pretrained_path: /data2/dy/code/unmasked_teacher/multi_modality/exp/finetuning/ret_rtime/b16_25m_200k_4frame/ckpt_best.pth
  rank: 0
  world_size: 1
  gpu: 0
  distributed: True
  dist_backend: nccl }
2024-01-13T10:13:10 | INFO | __main__ : config: 
{'data_dir': '/data2/dy/code/unmasked_teacher/umt_data', 'data_root': '/data2/dy/code/unmasked_teacher/umt_data/videos_images', 'anno_root_pt': '/data2/dy/code/unmasked_teacher/umt_data/anno_pretrain', 'anno_root_downstream': '/data2/dy/code/unmasked_teacher/umt_data/anno_downstream', 'TextEncoders': {'bert': {'name': 'bert_base', 'pretrained': 'bert-base-uncased', 'config': 'configs/config_bert.json', 'd_model': 768, 'fusion_layer': 9}, 'bert_large': {'name': 'bert_large', 'pretrained': 'bert-large-uncased', 'config': 'configs/config_bert_large.json', 'd_model': 1024, 'fusion_layer': 19}}, 'train_file': ['/data2/dy/code/unmasked_teacher/umt_data/anno_downstream/reversed_in_time/training_100k.json', '/data2/dy/temporal_video/dataset', 'video'], 'test_file': {'test': ['/data2/dy/code/unmasked_teacher/umt_data/anno_downstream/reversed_in_time/test1k.json', '/data2/dy/temporal_video/dataset', 'video']}, 'test_types': ['test'], 'num_workers': 6, 'stop_key': 'test/', 'is_paragraph_retrieval': False, 'num_frames': 4, 'num_frames_test': 4, 'batch_size': 32, 'max_txt_l': 32, 'inputs': {'image_res': 224, 'video_input': {'num_frames': 4, 'sample_type': 'rand', 'num_frames_test': 4, 'sample_type_test': 'middle', 'random_aug': False}, 'max_txt_l': {'image': 32, 'video': 32}, 'batch_size': {'image': 32, 'video': 32}, 'batch_size_test': {'image': 32, 'video': 32}}, 'text_enc': 'bert', 'model': {'model_cls': 'UMT', 'vision_encoder': {'name': 'vit_b16', 'img_size': 224, 'patch_size': 16, 'd_model': 768, 'encoder_embed_dim': 768, 'encoder_depth': 12, 'encoder_num_heads': 12, 'drop_path_rate': 0.2, 'num_frames': 4, 'tubelet_size': 1, 'use_checkpoint': True, 'checkpoint_num': 12, 'clip_decoder_embed_dim': 768, 'clip_output_dim': 512, 'clip_return_layer': 0, 'clip_student_return_interval': 1, 'pretrained': '/datassd2/pretrained_models/Unmasked_Teacher/b16_ptk710_f8_res224.pth', 'clip_teacher': 'none', 'clip_img_size': 224, 'clip_return_interval': 1, 'video_mask_type': 'attention', 'video_mask_ratio': 0.0, 'video_double_mask_ratio': 0.0, 'image_mask_type': 'attention', 'image_mask_ratio': 0.0, 'image_double_mask_ratio': 0.0, 'keep_temporal': True}, 'text_encoder': {'name': 'bert_base', 'pretrained': 'bert-base-uncased', 'config': 'configs/config_bert.json', 'd_model': 768, 'fusion_layer': 9}, 'multimodal': {'enable': True}, 'embed_dim': 512, 'temp': 0.07}, 'criterion': {'loss_weight': {'vtc': 1.0, 'mlm': 0.0, 'vtm': 1.0, 'uta': 0.0}, 'vtm_hard_neg': True, 'mlm_masking_prob': 0.5, 'uta_norm_type': 'l2', 'uta_loss_type': 'l2'}, 'optimizer': {'opt': 'adamW', 'lr': 1e-05, 'opt_betas': [0.9, 0.999], 'weight_decay': 0.02, 'max_grad_norm': -1, 'different_lr': {'enable': False, 'module_names': [], 'lr': 0.001}}, 'scheduler': {'sched': 'cosine', 'epochs': 5, 'min_lr_multi': 0.01, 'warmup_epochs': 1}, 'evaluate': True, 'deep_fusion': False, 'evaluation': {'eval_frame_ensemble': 'concat', 'eval_x_only': False, 'k_test': 128, 'eval_offload': True}, 'fp16': True, 'gradient_checkpointing': True, 'wandb': {'enable': False, 'entity': 'user', 'project': 'umt_ret'}, 'dist_url': 'env://', 'device': 'cuda', 'mode': 'pt', 'output_dir': 'exp/finetuning/ret_rtime/b16_25m_200k_4frame_1k', 'resume': False, 'debug': False, 'log_freq': 100, 'seed': 42, 'save_latest': True, 'auto_resume': True, 'pretrained_path': '/data2/dy/code/unmasked_teacher/multi_modality/exp/finetuning/ret_rtime/b16_25m_200k_4frame/ckpt_best.pth', 'rank': 0, 'world_size': 1, 'gpu': 0, 'distributed': True, 'dist_backend': 'nccl'}
2024-01-13T10:13:10 | INFO | __main__ : train_file: ['/data2/dy/code/unmasked_teacher/umt_data/anno_downstream/reversed_in_time/training_100k.json', '/data2/dy/temporal_video/dataset', 'video']
2024-01-13T10:13:10 | INFO | tasks.pretrain : Creating dataset for ret
2024-01-13T10:13:11 | INFO | tasks.shared_utils : Creating model
2024-01-13T10:13:23 | INFO | models.umt : Build vision_encoder: vit_b16
2024-01-13T10:13:23 | INFO | models.backbones.vit.vit : Num of patches: 784
2024-01-13T10:13:23 | INFO | models.backbones.vit.vit : Use checkpoint: True
2024-01-13T10:13:23 | INFO | models.backbones.vit.vit : Checkpoint number: 12
2024-01-13T10:13:23 | INFO | models.backbones.vit.vit : Student return index: []
2024-01-13T10:13:27 | INFO | models.backbones.vit.vit : Loading pretrained weights from /datassd2/pretrained_models/Unmasked_Teacher/b16_ptk710_f8_res224.pth
2024-01-13T10:13:27 | INFO | models.umt : Build text_encoder bert_base
2024-01-13T10:13:28 | INFO | models.backbones.bert.xbert : build bert with cross_module: ca
2024-01-13T10:13:29 | INFO | models.criterions : Norm type: l2
2024-01-13T10:13:29 | INFO | models.criterions : Loss type: l2
2024-01-13T10:13:29 | INFO | utils.optimizer : diff_names: [], diff_lr: None
2024-01-13T10:13:29 | INFO | utils.optimizer : param module.temp: wd: 0.02, lr: 1e-05
2024-01-13T10:13:29 | INFO | utils.optimizer : param module.vision_encoder.encoder.patch_embed.proj.weight: wd: 0.02, lr: 1e-05
2024-01-13T10:13:29 | INFO | utils.optimizer : param module.vision_encoder.encoder.patch_embed.proj.bias: wd: 0, lr: 1e-05
2024-01-13T10:13:29 | INFO | utils.optimizer : param module.vision_encoder.encoder.blocks.0.norm1.weight: wd: 0, lr: 1e-05
2024-01-13T10:13:29 | INFO | utils.optimizer : param module.vision_encoder.encoder.blocks.0.norm1.bias: wd: 0, lr: 1e-05
2024-01-13T10:13:29 | INFO | utils.optimizer : param module.vision_encoder.encoder.blocks.0.attn.q_bias: wd: 0, lr: 1e-05
2024-01-13T10:13:29 | INFO | utils.optimizer : param module.vision_encoder.encoder.blocks.0.attn.v_bias: wd: 0, lr: 1e-05
2024-01-13T10:13:29 | INFO | utils.optimizer : param module.vision_encoder.encoder.blocks.0.attn.qkv.weight: wd: 0.02, lr: 1e-05
2024-01-13T10:13:29 | INFO | utils.optimizer : param module.vision_encoder.encoder.blocks.0.attn.proj.weight: wd: 0.02, lr: 1e-05
2024-01-13T10:13:29 | INFO | utils.optimizer : param module.vision_encoder.encoder.blocks.0.attn.proj.bias: wd: 0, lr: 1e-05
2024-01-13T10:13:29 | INFO | utils.optimizer : param module.vision_encoder.encoder.blocks.0.norm2.weight: wd: 0, lr: 1e-05
2024-01-13T10:13:29 | INFO | utils.optimizer : param module.vision_encoder.encoder.blocks.0.norm2.bias: wd: 0, lr: 1e-05
2024-01-13T10:13:29 | INFO | utils.optimizer : param module.vision_encoder.encoder.blocks.0.mlp.fc1.weight: wd: 0.02, lr: 1e-05
2024-01-13T10:13:29 | INFO | utils.optimizer : param module.vision_encoder.encoder.blocks.0.mlp.fc1.bias: wd: 0, lr: 1e-05
2024-01-13T10:13:29 | INFO | utils.optimizer : param module.vision_encoder.encoder.blocks.0.mlp.fc2.weight: wd: 0.02, lr: 1e-05
2024-01-13T10:13:29 | INFO | utils.optimizer : param module.vision_encoder.encoder.blocks.0.mlp.fc2.bias: wd: 0, lr: 1e-05
2024-01-13T10:13:29 | INFO | utils.optimizer : param module.vision_encoder.encoder.blocks.1.norm1.weight: wd: 0, lr: 1e-05
2024-01-13T10:13:29 | INFO | utils.optimizer : param module.vision_encoder.encoder.blocks.1.norm1.bias: wd: 0, lr: 1e-05
2024-01-13T10:13:29 | INFO | utils.optimizer : param module.vision_encoder.encoder.blocks.1.attn.q_bias: wd: 0, lr: 1e-05
2024-01-13T10:13:29 | INFO | utils.optimizer : param module.vision_encoder.encoder.blocks.1.attn.v_bias: wd: 0, lr: 1e-05
2024-01-13T10:13:29 | INFO | utils.optimizer : param module.vision_encoder.encoder.blocks.1.attn.qkv.weight: wd: 0.02, lr: 1e-05
2024-01-13T10:13:29 | INFO | utils.optimizer : param module.vision_encoder.encoder.blocks.1.attn.proj.weight: wd: 0.02, lr: 1e-05
2024-01-13T10:13:29 | INFO | utils.optimizer : param module.vision_encoder.encoder.blocks.1.attn.proj.bias: wd: 0, lr: 1e-05
2024-01-13T10:13:29 | INFO | utils.optimizer : param module.vision_encoder.encoder.blocks.1.norm2.weight: wd: 0, lr: 1e-05
2024-01-13T10:13:29 | INFO | utils.optimizer : param module.vision_encoder.encoder.blocks.1.norm2.bias: wd: 0, lr: 1e-05
2024-01-13T10:13:29 | INFO | utils.optimizer : param module.vision_encoder.encoder.blocks.1.mlp.fc1.weight: wd: 0.02, lr: 1e-05
2024-01-13T10:13:29 | INFO | utils.optimizer : param module.vision_encoder.encoder.blocks.1.mlp.fc1.bias: wd: 0, lr: 1e-05
2024-01-13T10:13:29 | INFO | utils.optimizer : param module.vision_encoder.encoder.blocks.1.mlp.fc2.weight: wd: 0.02, lr: 1e-05
2024-01-13T10:13:29 | INFO | utils.optimizer : param module.vision_encoder.encoder.blocks.1.mlp.fc2.bias: wd: 0, lr: 1e-05
2024-01-13T10:13:29 | INFO | utils.optimizer : param module.vision_encoder.encoder.blocks.2.norm1.weight: wd: 0, lr: 1e-05
2024-01-13T10:13:29 | INFO | utils.optimizer : param module.vision_encoder.encoder.blocks.2.norm1.bias: wd: 0, lr: 1e-05
2024-01-13T10:13:29 | INFO | utils.optimizer : param module.vision_encoder.encoder.blocks.2.attn.q_bias: wd: 0, lr: 1e-05
2024-01-13T10:13:29 | INFO | utils.optimizer : param module.vision_encoder.encoder.blocks.2.attn.v_bias: wd: 0, lr: 1e-05
2024-01-13T10:13:29 | INFO | utils.optimizer : param module.vision_encoder.encoder.blocks.2.attn.qkv.weight: wd: 0.02, lr: 1e-05
2024-01-13T10:13:29 | INFO | utils.optimizer : param module.vision_encoder.encoder.blocks.2.attn.proj.weight: wd: 0.02, lr: 1e-05
2024-01-13T10:13:29 | INFO | utils.optimizer : param module.vision_encoder.encoder.blocks.2.attn.proj.bias: wd: 0, lr: 1e-05
2024-01-13T10:13:29 | INFO | utils.optimizer : param module.vision_encoder.encoder.blocks.2.norm2.weight: wd: 0, lr: 1e-05
2024-01-13T10:13:29 | INFO | utils.optimizer : param module.vision_encoder.encoder.blocks.2.norm2.bias: wd: 0, lr: 1e-05
2024-01-13T10:13:29 | INFO | utils.optimizer : param module.vision_encoder.encoder.blocks.2.mlp.fc1.weight: wd: 0.02, lr: 1e-05
2024-01-13T10:13:29 | INFO | utils.optimizer : param module.vision_encoder.encoder.blocks.2.mlp.fc1.bias: wd: 0, lr: 1e-05
2024-01-13T10:13:29 | INFO | utils.optimizer : param module.vision_encoder.encoder.blocks.2.mlp.fc2.weight: wd: 0.02, lr: 1e-05
2024-01-13T10:13:29 | INFO | utils.optimizer : param module.vision_encoder.encoder.blocks.2.mlp.fc2.bias: wd: 0, lr: 1e-05
2024-01-13T10:13:29 | INFO | utils.optimizer : param module.vision_encoder.encoder.blocks.3.norm1.weight: wd: 0, lr: 1e-05
2024-01-13T10:13:29 | INFO | utils.optimizer : param module.vision_encoder.encoder.blocks.3.norm1.bias: wd: 0, lr: 1e-05
2024-01-13T10:13:29 | INFO | utils.optimizer : param module.vision_encoder.encoder.blocks.3.attn.q_bias: wd: 0, lr: 1e-05
2024-01-13T10:13:29 | INFO | utils.optimizer : param module.vision_encoder.encoder.blocks.3.attn.v_bias: wd: 0, lr: 1e-05
2024-01-13T10:13:29 | INFO | utils.optimizer : param module.vision_encoder.encoder.blocks.3.attn.qkv.weight: wd: 0.02, lr: 1e-05
2024-01-13T10:13:29 | INFO | utils.optimizer : param module.vision_encoder.encoder.blocks.3.attn.proj.weight: wd: 0.02, lr: 1e-05
2024-01-13T10:13:29 | INFO | utils.optimizer : param module.vision_encoder.encoder.blocks.3.attn.proj.bias: wd: 0, lr: 1e-05
2024-01-13T10:13:29 | INFO | utils.optimizer : param module.vision_encoder.encoder.blocks.3.norm2.weight: wd: 0, lr: 1e-05
2024-01-13T10:13:29 | INFO | utils.optimizer : param module.vision_encoder.encoder.blocks.3.norm2.bias: wd: 0, lr: 1e-05
2024-01-13T10:13:29 | INFO | utils.optimizer : param module.vision_encoder.encoder.blocks.3.mlp.fc1.weight: wd: 0.02, lr: 1e-05
2024-01-13T10:13:29 | INFO | utils.optimizer : param module.vision_encoder.encoder.blocks.3.mlp.fc1.bias: wd: 0, lr: 1e-05
2024-01-13T10:13:29 | INFO | utils.optimizer : param module.vision_encoder.encoder.blocks.3.mlp.fc2.weight: wd: 0.02, lr: 1e-05
2024-01-13T10:13:29 | INFO | utils.optimizer : param module.vision_encoder.encoder.blocks.3.mlp.fc2.bias: wd: 0, lr: 1e-05
2024-01-13T10:13:29 | INFO | utils.optimizer : param module.vision_encoder.encoder.blocks.4.norm1.weight: wd: 0, lr: 1e-05
2024-01-13T10:13:29 | INFO | utils.optimizer : param module.vision_encoder.encoder.blocks.4.norm1.bias: wd: 0, lr: 1e-05
2024-01-13T10:13:29 | INFO | utils.optimizer : param module.vision_encoder.encoder.blocks.4.attn.q_bias: wd: 0, lr: 1e-05
2024-01-13T10:13:29 | INFO | utils.optimizer : param module.vision_encoder.encoder.blocks.4.attn.v_bias: wd: 0, lr: 1e-05
2024-01-13T10:13:29 | INFO | utils.optimizer : param module.vision_encoder.encoder.blocks.4.attn.qkv.weight: wd: 0.02, lr: 1e-05
2024-01-13T10:13:29 | INFO | utils.optimizer : param module.vision_encoder.encoder.blocks.4.attn.proj.weight: wd: 0.02, lr: 1e-05
2024-01-13T10:13:29 | INFO | utils.optimizer : param module.vision_encoder.encoder.blocks.4.attn.proj.bias: wd: 0, lr: 1e-05
2024-01-13T10:13:29 | INFO | utils.optimizer : param module.vision_encoder.encoder.blocks.4.norm2.weight: wd: 0, lr: 1e-05
2024-01-13T10:13:29 | INFO | utils.optimizer : param module.vision_encoder.encoder.blocks.4.norm2.bias: wd: 0, lr: 1e-05
2024-01-13T10:13:29 | INFO | utils.optimizer : param module.vision_encoder.encoder.blocks.4.mlp.fc1.weight: wd: 0.02, lr: 1e-05
2024-01-13T10:13:29 | INFO | utils.optimizer : param module.vision_encoder.encoder.blocks.4.mlp.fc1.bias: wd: 0, lr: 1e-05
2024-01-13T10:13:29 | INFO | utils.optimizer : param module.vision_encoder.encoder.blocks.4.mlp.fc2.weight: wd: 0.02, lr: 1e-05
2024-01-13T10:13:29 | INFO | utils.optimizer : param module.vision_encoder.encoder.blocks.4.mlp.fc2.bias: wd: 0, lr: 1e-05
2024-01-13T10:13:29 | INFO | utils.optimizer : param module.vision_encoder.encoder.blocks.5.norm1.weight: wd: 0, lr: 1e-05
2024-01-13T10:13:29 | INFO | utils.optimizer : param module.vision_encoder.encoder.blocks.5.norm1.bias: wd: 0, lr: 1e-05
2024-01-13T10:13:29 | INFO | utils.optimizer : param module.vision_encoder.encoder.blocks.5.attn.q_bias: wd: 0, lr: 1e-05
2024-01-13T10:13:29 | INFO | utils.optimizer : param module.vision_encoder.encoder.blocks.5.attn.v_bias: wd: 0, lr: 1e-05
2024-01-13T10:13:29 | INFO | utils.optimizer : param module.vision_encoder.encoder.blocks.5.attn.qkv.weight: wd: 0.02, lr: 1e-05
2024-01-13T10:13:29 | INFO | utils.optimizer : param module.vision_encoder.encoder.blocks.5.attn.proj.weight: wd: 0.02, lr: 1e-05
2024-01-13T10:13:29 | INFO | utils.optimizer : param module.vision_encoder.encoder.blocks.5.attn.proj.bias: wd: 0, lr: 1e-05
2024-01-13T10:13:29 | INFO | utils.optimizer : param module.vision_encoder.encoder.blocks.5.norm2.weight: wd: 0, lr: 1e-05
2024-01-13T10:13:29 | INFO | utils.optimizer : param module.vision_encoder.encoder.blocks.5.norm2.bias: wd: 0, lr: 1e-05
2024-01-13T10:13:29 | INFO | utils.optimizer : param module.vision_encoder.encoder.blocks.5.mlp.fc1.weight: wd: 0.02, lr: 1e-05
2024-01-13T10:13:29 | INFO | utils.optimizer : param module.vision_encoder.encoder.blocks.5.mlp.fc1.bias: wd: 0, lr: 1e-05
2024-01-13T10:13:29 | INFO | utils.optimizer : param module.vision_encoder.encoder.blocks.5.mlp.fc2.weight: wd: 0.02, lr: 1e-05
2024-01-13T10:13:29 | INFO | utils.optimizer : param module.vision_encoder.encoder.blocks.5.mlp.fc2.bias: wd: 0, lr: 1e-05
2024-01-13T10:13:29 | INFO | utils.optimizer : param module.vision_encoder.encoder.blocks.6.norm1.weight: wd: 0, lr: 1e-05
2024-01-13T10:13:29 | INFO | utils.optimizer : param module.vision_encoder.encoder.blocks.6.norm1.bias: wd: 0, lr: 1e-05
2024-01-13T10:13:29 | INFO | utils.optimizer : param module.vision_encoder.encoder.blocks.6.attn.q_bias: wd: 0, lr: 1e-05
2024-01-13T10:13:29 | INFO | utils.optimizer : param module.vision_encoder.encoder.blocks.6.attn.v_bias: wd: 0, lr: 1e-05
2024-01-13T10:13:29 | INFO | utils.optimizer : param module.vision_encoder.encoder.blocks.6.attn.qkv.weight: wd: 0.02, lr: 1e-05
2024-01-13T10:13:29 | INFO | utils.optimizer : param module.vision_encoder.encoder.blocks.6.attn.proj.weight: wd: 0.02, lr: 1e-05
2024-01-13T10:13:29 | INFO | utils.optimizer : param module.vision_encoder.encoder.blocks.6.attn.proj.bias: wd: 0, lr: 1e-05
2024-01-13T10:13:29 | INFO | utils.optimizer : param module.vision_encoder.encoder.blocks.6.norm2.weight: wd: 0, lr: 1e-05
2024-01-13T10:13:29 | INFO | utils.optimizer : param module.vision_encoder.encoder.blocks.6.norm2.bias: wd: 0, lr: 1e-05
2024-01-13T10:13:29 | INFO | utils.optimizer : param module.vision_encoder.encoder.blocks.6.mlp.fc1.weight: wd: 0.02, lr: 1e-05
2024-01-13T10:13:29 | INFO | utils.optimizer : param module.vision_encoder.encoder.blocks.6.mlp.fc1.bias: wd: 0, lr: 1e-05
2024-01-13T10:13:29 | INFO | utils.optimizer : param module.vision_encoder.encoder.blocks.6.mlp.fc2.weight: wd: 0.02, lr: 1e-05
2024-01-13T10:13:29 | INFO | utils.optimizer : param module.vision_encoder.encoder.blocks.6.mlp.fc2.bias: wd: 0, lr: 1e-05
2024-01-13T10:13:29 | INFO | utils.optimizer : param module.vision_encoder.encoder.blocks.7.norm1.weight: wd: 0, lr: 1e-05
2024-01-13T10:13:29 | INFO | utils.optimizer : param module.vision_encoder.encoder.blocks.7.norm1.bias: wd: 0, lr: 1e-05
2024-01-13T10:13:29 | INFO | utils.optimizer : param module.vision_encoder.encoder.blocks.7.attn.q_bias: wd: 0, lr: 1e-05
2024-01-13T10:13:29 | INFO | utils.optimizer : param module.vision_encoder.encoder.blocks.7.attn.v_bias: wd: 0, lr: 1e-05
2024-01-13T10:13:29 | INFO | utils.optimizer : param module.vision_encoder.encoder.blocks.7.attn.qkv.weight: wd: 0.02, lr: 1e-05
2024-01-13T10:13:29 | INFO | utils.optimizer : param module.vision_encoder.encoder.blocks.7.attn.proj.weight: wd: 0.02, lr: 1e-05
2024-01-13T10:13:29 | INFO | utils.optimizer : param module.vision_encoder.encoder.blocks.7.attn.proj.bias: wd: 0, lr: 1e-05
2024-01-13T10:13:29 | INFO | utils.optimizer : param module.vision_encoder.encoder.blocks.7.norm2.weight: wd: 0, lr: 1e-05
2024-01-13T10:13:29 | INFO | utils.optimizer : param module.vision_encoder.encoder.blocks.7.norm2.bias: wd: 0, lr: 1e-05
2024-01-13T10:13:29 | INFO | utils.optimizer : param module.vision_encoder.encoder.blocks.7.mlp.fc1.weight: wd: 0.02, lr: 1e-05
2024-01-13T10:13:29 | INFO | utils.optimizer : param module.vision_encoder.encoder.blocks.7.mlp.fc1.bias: wd: 0, lr: 1e-05
2024-01-13T10:13:29 | INFO | utils.optimizer : param module.vision_encoder.encoder.blocks.7.mlp.fc2.weight: wd: 0.02, lr: 1e-05
2024-01-13T10:13:29 | INFO | utils.optimizer : param module.vision_encoder.encoder.blocks.7.mlp.fc2.bias: wd: 0, lr: 1e-05
2024-01-13T10:13:29 | INFO | utils.optimizer : param module.vision_encoder.encoder.blocks.8.norm1.weight: wd: 0, lr: 1e-05
2024-01-13T10:13:29 | INFO | utils.optimizer : param module.vision_encoder.encoder.blocks.8.norm1.bias: wd: 0, lr: 1e-05
2024-01-13T10:13:29 | INFO | utils.optimizer : param module.vision_encoder.encoder.blocks.8.attn.q_bias: wd: 0, lr: 1e-05
2024-01-13T10:13:29 | INFO | utils.optimizer : param module.vision_encoder.encoder.blocks.8.attn.v_bias: wd: 0, lr: 1e-05
2024-01-13T10:13:29 | INFO | utils.optimizer : param module.vision_encoder.encoder.blocks.8.attn.qkv.weight: wd: 0.02, lr: 1e-05
2024-01-13T10:13:29 | INFO | utils.optimizer : param module.vision_encoder.encoder.blocks.8.attn.proj.weight: wd: 0.02, lr: 1e-05
2024-01-13T10:13:29 | INFO | utils.optimizer : param module.vision_encoder.encoder.blocks.8.attn.proj.bias: wd: 0, lr: 1e-05
2024-01-13T10:13:29 | INFO | utils.optimizer : param module.vision_encoder.encoder.blocks.8.norm2.weight: wd: 0, lr: 1e-05
2024-01-13T10:13:29 | INFO | utils.optimizer : param module.vision_encoder.encoder.blocks.8.norm2.bias: wd: 0, lr: 1e-05
2024-01-13T10:13:29 | INFO | utils.optimizer : param module.vision_encoder.encoder.blocks.8.mlp.fc1.weight: wd: 0.02, lr: 1e-05
2024-01-13T10:13:29 | INFO | utils.optimizer : param module.vision_encoder.encoder.blocks.8.mlp.fc1.bias: wd: 0, lr: 1e-05
2024-01-13T10:13:29 | INFO | utils.optimizer : param module.vision_encoder.encoder.blocks.8.mlp.fc2.weight: wd: 0.02, lr: 1e-05
2024-01-13T10:13:29 | INFO | utils.optimizer : param module.vision_encoder.encoder.blocks.8.mlp.fc2.bias: wd: 0, lr: 1e-05
2024-01-13T10:13:29 | INFO | utils.optimizer : param module.vision_encoder.encoder.blocks.9.norm1.weight: wd: 0, lr: 1e-05
2024-01-13T10:13:29 | INFO | utils.optimizer : param module.vision_encoder.encoder.blocks.9.norm1.bias: wd: 0, lr: 1e-05
2024-01-13T10:13:29 | INFO | utils.optimizer : param module.vision_encoder.encoder.blocks.9.attn.q_bias: wd: 0, lr: 1e-05
2024-01-13T10:13:29 | INFO | utils.optimizer : param module.vision_encoder.encoder.blocks.9.attn.v_bias: wd: 0, lr: 1e-05
2024-01-13T10:13:29 | INFO | utils.optimizer : param module.vision_encoder.encoder.blocks.9.attn.qkv.weight: wd: 0.02, lr: 1e-05
2024-01-13T10:13:29 | INFO | utils.optimizer : param module.vision_encoder.encoder.blocks.9.attn.proj.weight: wd: 0.02, lr: 1e-05
2024-01-13T10:13:29 | INFO | utils.optimizer : param module.vision_encoder.encoder.blocks.9.attn.proj.bias: wd: 0, lr: 1e-05
2024-01-13T10:13:29 | INFO | utils.optimizer : param module.vision_encoder.encoder.blocks.9.norm2.weight: wd: 0, lr: 1e-05
2024-01-13T10:13:29 | INFO | utils.optimizer : param module.vision_encoder.encoder.blocks.9.norm2.bias: wd: 0, lr: 1e-05
2024-01-13T10:13:29 | INFO | utils.optimizer : param module.vision_encoder.encoder.blocks.9.mlp.fc1.weight: wd: 0.02, lr: 1e-05
2024-01-13T10:13:29 | INFO | utils.optimizer : param module.vision_encoder.encoder.blocks.9.mlp.fc1.bias: wd: 0, lr: 1e-05
2024-01-13T10:13:29 | INFO | utils.optimizer : param module.vision_encoder.encoder.blocks.9.mlp.fc2.weight: wd: 0.02, lr: 1e-05
2024-01-13T10:13:29 | INFO | utils.optimizer : param module.vision_encoder.encoder.blocks.9.mlp.fc2.bias: wd: 0, lr: 1e-05
2024-01-13T10:13:29 | INFO | utils.optimizer : param module.vision_encoder.encoder.blocks.10.norm1.weight: wd: 0, lr: 1e-05
2024-01-13T10:13:29 | INFO | utils.optimizer : param module.vision_encoder.encoder.blocks.10.norm1.bias: wd: 0, lr: 1e-05
2024-01-13T10:13:29 | INFO | utils.optimizer : param module.vision_encoder.encoder.blocks.10.attn.q_bias: wd: 0, lr: 1e-05
2024-01-13T10:13:29 | INFO | utils.optimizer : param module.vision_encoder.encoder.blocks.10.attn.v_bias: wd: 0, lr: 1e-05
2024-01-13T10:13:29 | INFO | utils.optimizer : param module.vision_encoder.encoder.blocks.10.attn.qkv.weight: wd: 0.02, lr: 1e-05
2024-01-13T10:13:29 | INFO | utils.optimizer : param module.vision_encoder.encoder.blocks.10.attn.proj.weight: wd: 0.02, lr: 1e-05
2024-01-13T10:13:29 | INFO | utils.optimizer : param module.vision_encoder.encoder.blocks.10.attn.proj.bias: wd: 0, lr: 1e-05
2024-01-13T10:13:29 | INFO | utils.optimizer : param module.vision_encoder.encoder.blocks.10.norm2.weight: wd: 0, lr: 1e-05
2024-01-13T10:13:29 | INFO | utils.optimizer : param module.vision_encoder.encoder.blocks.10.norm2.bias: wd: 0, lr: 1e-05
2024-01-13T10:13:29 | INFO | utils.optimizer : param module.vision_encoder.encoder.blocks.10.mlp.fc1.weight: wd: 0.02, lr: 1e-05
2024-01-13T10:13:29 | INFO | utils.optimizer : param module.vision_encoder.encoder.blocks.10.mlp.fc1.bias: wd: 0, lr: 1e-05
2024-01-13T10:13:29 | INFO | utils.optimizer : param module.vision_encoder.encoder.blocks.10.mlp.fc2.weight: wd: 0.02, lr: 1e-05
2024-01-13T10:13:29 | INFO | utils.optimizer : param module.vision_encoder.encoder.blocks.10.mlp.fc2.bias: wd: 0, lr: 1e-05
2024-01-13T10:13:29 | INFO | utils.optimizer : param module.vision_encoder.encoder.blocks.11.norm1.weight: wd: 0, lr: 1e-05
2024-01-13T10:13:29 | INFO | utils.optimizer : param module.vision_encoder.encoder.blocks.11.norm1.bias: wd: 0, lr: 1e-05
2024-01-13T10:13:29 | INFO | utils.optimizer : param module.vision_encoder.encoder.blocks.11.attn.q_bias: wd: 0, lr: 1e-05
2024-01-13T10:13:29 | INFO | utils.optimizer : param module.vision_encoder.encoder.blocks.11.attn.v_bias: wd: 0, lr: 1e-05
2024-01-13T10:13:29 | INFO | utils.optimizer : param module.vision_encoder.encoder.blocks.11.attn.qkv.weight: wd: 0.02, lr: 1e-05
2024-01-13T10:13:29 | INFO | utils.optimizer : param module.vision_encoder.encoder.blocks.11.attn.proj.weight: wd: 0.02, lr: 1e-05
2024-01-13T10:13:29 | INFO | utils.optimizer : param module.vision_encoder.encoder.blocks.11.attn.proj.bias: wd: 0, lr: 1e-05
2024-01-13T10:13:29 | INFO | utils.optimizer : param module.vision_encoder.encoder.blocks.11.norm2.weight: wd: 0, lr: 1e-05
2024-01-13T10:13:29 | INFO | utils.optimizer : param module.vision_encoder.encoder.blocks.11.norm2.bias: wd: 0, lr: 1e-05
2024-01-13T10:13:29 | INFO | utils.optimizer : param module.vision_encoder.encoder.blocks.11.mlp.fc1.weight: wd: 0.02, lr: 1e-05
2024-01-13T10:13:29 | INFO | utils.optimizer : param module.vision_encoder.encoder.blocks.11.mlp.fc1.bias: wd: 0, lr: 1e-05
2024-01-13T10:13:29 | INFO | utils.optimizer : param module.vision_encoder.encoder.blocks.11.mlp.fc2.weight: wd: 0.02, lr: 1e-05
2024-01-13T10:13:29 | INFO | utils.optimizer : param module.vision_encoder.encoder.blocks.11.mlp.fc2.bias: wd: 0, lr: 1e-05
2024-01-13T10:13:29 | INFO | utils.optimizer : param module.vision_encoder.encoder.norm.weight: wd: 0, lr: 1e-05
2024-01-13T10:13:29 | INFO | utils.optimizer : param module.vision_encoder.encoder.norm.bias: wd: 0, lr: 1e-05
2024-01-13T10:13:29 | INFO | utils.optimizer : param module.vision_encoder.pool_norm.weight: wd: 0, lr: 1e-05
2024-01-13T10:13:29 | INFO | utils.optimizer : param module.vision_encoder.pool_norm.bias: wd: 0, lr: 1e-05
2024-01-13T10:13:29 | INFO | utils.optimizer : param module.text_encoder.embeddings.word_embeddings.weight: wd: 0.02, lr: 1e-05
2024-01-13T10:13:29 | INFO | utils.optimizer : param module.text_encoder.embeddings.position_embeddings.weight: wd: 0.02, lr: 1e-05
2024-01-13T10:13:29 | INFO | utils.optimizer : param module.text_encoder.embeddings.token_type_embeddings.weight: wd: 0.02, lr: 1e-05
2024-01-13T10:13:29 | INFO | utils.optimizer : param module.text_encoder.embeddings.LayerNorm.weight: wd: 0, lr: 1e-05
2024-01-13T10:13:29 | INFO | utils.optimizer : param module.text_encoder.embeddings.LayerNorm.bias: wd: 0, lr: 1e-05
2024-01-13T10:13:29 | INFO | utils.optimizer : param module.text_encoder.encoder.layer.0.attention.self.query.weight: wd: 0.02, lr: 1e-05
2024-01-13T10:13:29 | INFO | utils.optimizer : param module.text_encoder.encoder.layer.0.attention.self.query.bias: wd: 0, lr: 1e-05
2024-01-13T10:13:29 | INFO | utils.optimizer : param module.text_encoder.encoder.layer.0.attention.self.key.weight: wd: 0.02, lr: 1e-05
2024-01-13T10:13:29 | INFO | utils.optimizer : param module.text_encoder.encoder.layer.0.attention.self.key.bias: wd: 0, lr: 1e-05
2024-01-13T10:13:29 | INFO | utils.optimizer : param module.text_encoder.encoder.layer.0.attention.self.value.weight: wd: 0.02, lr: 1e-05
2024-01-13T10:13:29 | INFO | utils.optimizer : param module.text_encoder.encoder.layer.0.attention.self.value.bias: wd: 0, lr: 1e-05
2024-01-13T10:13:29 | INFO | utils.optimizer : param module.text_encoder.encoder.layer.0.attention.output.dense.weight: wd: 0.02, lr: 1e-05
2024-01-13T10:13:29 | INFO | utils.optimizer : param module.text_encoder.encoder.layer.0.attention.output.dense.bias: wd: 0, lr: 1e-05
2024-01-13T10:13:29 | INFO | utils.optimizer : param module.text_encoder.encoder.layer.0.attention.output.LayerNorm.weight: wd: 0, lr: 1e-05
2024-01-13T10:13:29 | INFO | utils.optimizer : param module.text_encoder.encoder.layer.0.attention.output.LayerNorm.bias: wd: 0, lr: 1e-05
2024-01-13T10:13:29 | INFO | utils.optimizer : param module.text_encoder.encoder.layer.0.intermediate.dense.weight: wd: 0.02, lr: 1e-05
2024-01-13T10:13:29 | INFO | utils.optimizer : param module.text_encoder.encoder.layer.0.intermediate.dense.bias: wd: 0, lr: 1e-05
2024-01-13T10:13:29 | INFO | utils.optimizer : param module.text_encoder.encoder.layer.0.output.dense.weight: wd: 0.02, lr: 1e-05
2024-01-13T10:13:29 | INFO | utils.optimizer : param module.text_encoder.encoder.layer.0.output.dense.bias: wd: 0, lr: 1e-05
2024-01-13T10:13:29 | INFO | utils.optimizer : param module.text_encoder.encoder.layer.0.output.LayerNorm.weight: wd: 0, lr: 1e-05
2024-01-13T10:13:29 | INFO | utils.optimizer : param module.text_encoder.encoder.layer.0.output.LayerNorm.bias: wd: 0, lr: 1e-05
2024-01-13T10:13:29 | INFO | utils.optimizer : param module.text_encoder.encoder.layer.1.attention.self.query.weight: wd: 0.02, lr: 1e-05
2024-01-13T10:13:29 | INFO | utils.optimizer : param module.text_encoder.encoder.layer.1.attention.self.query.bias: wd: 0, lr: 1e-05
2024-01-13T10:13:29 | INFO | utils.optimizer : param module.text_encoder.encoder.layer.1.attention.self.key.weight: wd: 0.02, lr: 1e-05
2024-01-13T10:13:29 | INFO | utils.optimizer : param module.text_encoder.encoder.layer.1.attention.self.key.bias: wd: 0, lr: 1e-05
2024-01-13T10:13:29 | INFO | utils.optimizer : param module.text_encoder.encoder.layer.1.attention.self.value.weight: wd: 0.02, lr: 1e-05
2024-01-13T10:13:29 | INFO | utils.optimizer : param module.text_encoder.encoder.layer.1.attention.self.value.bias: wd: 0, lr: 1e-05
2024-01-13T10:13:29 | INFO | utils.optimizer : param module.text_encoder.encoder.layer.1.attention.output.dense.weight: wd: 0.02, lr: 1e-05
2024-01-13T10:13:29 | INFO | utils.optimizer : param module.text_encoder.encoder.layer.1.attention.output.dense.bias: wd: 0, lr: 1e-05
2024-01-13T10:13:29 | INFO | utils.optimizer : param module.text_encoder.encoder.layer.1.attention.output.LayerNorm.weight: wd: 0, lr: 1e-05
2024-01-13T10:13:29 | INFO | utils.optimizer : param module.text_encoder.encoder.layer.1.attention.output.LayerNorm.bias: wd: 0, lr: 1e-05
2024-01-13T10:13:29 | INFO | utils.optimizer : param module.text_encoder.encoder.layer.1.intermediate.dense.weight: wd: 0.02, lr: 1e-05
2024-01-13T10:13:29 | INFO | utils.optimizer : param module.text_encoder.encoder.layer.1.intermediate.dense.bias: wd: 0, lr: 1e-05
2024-01-13T10:13:29 | INFO | utils.optimizer : param module.text_encoder.encoder.layer.1.output.dense.weight: wd: 0.02, lr: 1e-05
2024-01-13T10:13:29 | INFO | utils.optimizer : param module.text_encoder.encoder.layer.1.output.dense.bias: wd: 0, lr: 1e-05
2024-01-13T10:13:29 | INFO | utils.optimizer : param module.text_encoder.encoder.layer.1.output.LayerNorm.weight: wd: 0, lr: 1e-05
2024-01-13T10:13:29 | INFO | utils.optimizer : param module.text_encoder.encoder.layer.1.output.LayerNorm.bias: wd: 0, lr: 1e-05
2024-01-13T10:13:29 | INFO | utils.optimizer : param module.text_encoder.encoder.layer.2.attention.self.query.weight: wd: 0.02, lr: 1e-05
2024-01-13T10:13:29 | INFO | utils.optimizer : param module.text_encoder.encoder.layer.2.attention.self.query.bias: wd: 0, lr: 1e-05
2024-01-13T10:13:29 | INFO | utils.optimizer : param module.text_encoder.encoder.layer.2.attention.self.key.weight: wd: 0.02, lr: 1e-05
2024-01-13T10:13:29 | INFO | utils.optimizer : param module.text_encoder.encoder.layer.2.attention.self.key.bias: wd: 0, lr: 1e-05
2024-01-13T10:13:29 | INFO | utils.optimizer : param module.text_encoder.encoder.layer.2.attention.self.value.weight: wd: 0.02, lr: 1e-05
2024-01-13T10:13:29 | INFO | utils.optimizer : param module.text_encoder.encoder.layer.2.attention.self.value.bias: wd: 0, lr: 1e-05
2024-01-13T10:13:29 | INFO | utils.optimizer : param module.text_encoder.encoder.layer.2.attention.output.dense.weight: wd: 0.02, lr: 1e-05
2024-01-13T10:13:29 | INFO | utils.optimizer : param module.text_encoder.encoder.layer.2.attention.output.dense.bias: wd: 0, lr: 1e-05
2024-01-13T10:13:29 | INFO | utils.optimizer : param module.text_encoder.encoder.layer.2.attention.output.LayerNorm.weight: wd: 0, lr: 1e-05
2024-01-13T10:13:29 | INFO | utils.optimizer : param module.text_encoder.encoder.layer.2.attention.output.LayerNorm.bias: wd: 0, lr: 1e-05
2024-01-13T10:13:29 | INFO | utils.optimizer : param module.text_encoder.encoder.layer.2.intermediate.dense.weight: wd: 0.02, lr: 1e-05
2024-01-13T10:13:29 | INFO | utils.optimizer : param module.text_encoder.encoder.layer.2.intermediate.dense.bias: wd: 0, lr: 1e-05
2024-01-13T10:13:29 | INFO | utils.optimizer : param module.text_encoder.encoder.layer.2.output.dense.weight: wd: 0.02, lr: 1e-05
2024-01-13T10:13:29 | INFO | utils.optimizer : param module.text_encoder.encoder.layer.2.output.dense.bias: wd: 0, lr: 1e-05
2024-01-13T10:13:29 | INFO | utils.optimizer : param module.text_encoder.encoder.layer.2.output.LayerNorm.weight: wd: 0, lr: 1e-05
2024-01-13T10:13:29 | INFO | utils.optimizer : param module.text_encoder.encoder.layer.2.output.LayerNorm.bias: wd: 0, lr: 1e-05
2024-01-13T10:13:29 | INFO | utils.optimizer : param module.text_encoder.encoder.layer.3.attention.self.query.weight: wd: 0.02, lr: 1e-05
2024-01-13T10:13:29 | INFO | utils.optimizer : param module.text_encoder.encoder.layer.3.attention.self.query.bias: wd: 0, lr: 1e-05
2024-01-13T10:13:29 | INFO | utils.optimizer : param module.text_encoder.encoder.layer.3.attention.self.key.weight: wd: 0.02, lr: 1e-05
2024-01-13T10:13:29 | INFO | utils.optimizer : param module.text_encoder.encoder.layer.3.attention.self.key.bias: wd: 0, lr: 1e-05
2024-01-13T10:13:29 | INFO | utils.optimizer : param module.text_encoder.encoder.layer.3.attention.self.value.weight: wd: 0.02, lr: 1e-05
2024-01-13T10:13:29 | INFO | utils.optimizer : param module.text_encoder.encoder.layer.3.attention.self.value.bias: wd: 0, lr: 1e-05
2024-01-13T10:13:29 | INFO | utils.optimizer : param module.text_encoder.encoder.layer.3.attention.output.dense.weight: wd: 0.02, lr: 1e-05
2024-01-13T10:13:29 | INFO | utils.optimizer : param module.text_encoder.encoder.layer.3.attention.output.dense.bias: wd: 0, lr: 1e-05
2024-01-13T10:13:29 | INFO | utils.optimizer : param module.text_encoder.encoder.layer.3.attention.output.LayerNorm.weight: wd: 0, lr: 1e-05
2024-01-13T10:13:29 | INFO | utils.optimizer : param module.text_encoder.encoder.layer.3.attention.output.LayerNorm.bias: wd: 0, lr: 1e-05
2024-01-13T10:13:29 | INFO | utils.optimizer : param module.text_encoder.encoder.layer.3.intermediate.dense.weight: wd: 0.02, lr: 1e-05
2024-01-13T10:13:29 | INFO | utils.optimizer : param module.text_encoder.encoder.layer.3.intermediate.dense.bias: wd: 0, lr: 1e-05
2024-01-13T10:13:29 | INFO | utils.optimizer : param module.text_encoder.encoder.layer.3.output.dense.weight: wd: 0.02, lr: 1e-05
2024-01-13T10:13:29 | INFO | utils.optimizer : param module.text_encoder.encoder.layer.3.output.dense.bias: wd: 0, lr: 1e-05
2024-01-13T10:13:29 | INFO | utils.optimizer : param module.text_encoder.encoder.layer.3.output.LayerNorm.weight: wd: 0, lr: 1e-05
2024-01-13T10:13:29 | INFO | utils.optimizer : param module.text_encoder.encoder.layer.3.output.LayerNorm.bias: wd: 0, lr: 1e-05
2024-01-13T10:13:29 | INFO | utils.optimizer : param module.text_encoder.encoder.layer.4.attention.self.query.weight: wd: 0.02, lr: 1e-05
2024-01-13T10:13:29 | INFO | utils.optimizer : param module.text_encoder.encoder.layer.4.attention.self.query.bias: wd: 0, lr: 1e-05
2024-01-13T10:13:29 | INFO | utils.optimizer : param module.text_encoder.encoder.layer.4.attention.self.key.weight: wd: 0.02, lr: 1e-05
2024-01-13T10:13:29 | INFO | utils.optimizer : param module.text_encoder.encoder.layer.4.attention.self.key.bias: wd: 0, lr: 1e-05
2024-01-13T10:13:29 | INFO | utils.optimizer : param module.text_encoder.encoder.layer.4.attention.self.value.weight: wd: 0.02, lr: 1e-05
2024-01-13T10:13:29 | INFO | utils.optimizer : param module.text_encoder.encoder.layer.4.attention.self.value.bias: wd: 0, lr: 1e-05
2024-01-13T10:13:29 | INFO | utils.optimizer : param module.text_encoder.encoder.layer.4.attention.output.dense.weight: wd: 0.02, lr: 1e-05
2024-01-13T10:13:29 | INFO | utils.optimizer : param module.text_encoder.encoder.layer.4.attention.output.dense.bias: wd: 0, lr: 1e-05
2024-01-13T10:13:29 | INFO | utils.optimizer : param module.text_encoder.encoder.layer.4.attention.output.LayerNorm.weight: wd: 0, lr: 1e-05
2024-01-13T10:13:29 | INFO | utils.optimizer : param module.text_encoder.encoder.layer.4.attention.output.LayerNorm.bias: wd: 0, lr: 1e-05
2024-01-13T10:13:29 | INFO | utils.optimizer : param module.text_encoder.encoder.layer.4.intermediate.dense.weight: wd: 0.02, lr: 1e-05
2024-01-13T10:13:29 | INFO | utils.optimizer : param module.text_encoder.encoder.layer.4.intermediate.dense.bias: wd: 0, lr: 1e-05
2024-01-13T10:13:29 | INFO | utils.optimizer : param module.text_encoder.encoder.layer.4.output.dense.weight: wd: 0.02, lr: 1e-05
2024-01-13T10:13:29 | INFO | utils.optimizer : param module.text_encoder.encoder.layer.4.output.dense.bias: wd: 0, lr: 1e-05
2024-01-13T10:13:29 | INFO | utils.optimizer : param module.text_encoder.encoder.layer.4.output.LayerNorm.weight: wd: 0, lr: 1e-05
2024-01-13T10:13:29 | INFO | utils.optimizer : param module.text_encoder.encoder.layer.4.output.LayerNorm.bias: wd: 0, lr: 1e-05
2024-01-13T10:13:29 | INFO | utils.optimizer : param module.text_encoder.encoder.layer.5.attention.self.query.weight: wd: 0.02, lr: 1e-05
2024-01-13T10:13:29 | INFO | utils.optimizer : param module.text_encoder.encoder.layer.5.attention.self.query.bias: wd: 0, lr: 1e-05
2024-01-13T10:13:29 | INFO | utils.optimizer : param module.text_encoder.encoder.layer.5.attention.self.key.weight: wd: 0.02, lr: 1e-05
2024-01-13T10:13:29 | INFO | utils.optimizer : param module.text_encoder.encoder.layer.5.attention.self.key.bias: wd: 0, lr: 1e-05
2024-01-13T10:13:29 | INFO | utils.optimizer : param module.text_encoder.encoder.layer.5.attention.self.value.weight: wd: 0.02, lr: 1e-05
2024-01-13T10:13:29 | INFO | utils.optimizer : param module.text_encoder.encoder.layer.5.attention.self.value.bias: wd: 0, lr: 1e-05
2024-01-13T10:13:29 | INFO | utils.optimizer : param module.text_encoder.encoder.layer.5.attention.output.dense.weight: wd: 0.02, lr: 1e-05
2024-01-13T10:13:29 | INFO | utils.optimizer : param module.text_encoder.encoder.layer.5.attention.output.dense.bias: wd: 0, lr: 1e-05
2024-01-13T10:13:29 | INFO | utils.optimizer : param module.text_encoder.encoder.layer.5.attention.output.LayerNorm.weight: wd: 0, lr: 1e-05
2024-01-13T10:13:29 | INFO | utils.optimizer : param module.text_encoder.encoder.layer.5.attention.output.LayerNorm.bias: wd: 0, lr: 1e-05
2024-01-13T10:13:29 | INFO | utils.optimizer : param module.text_encoder.encoder.layer.5.intermediate.dense.weight: wd: 0.02, lr: 1e-05
2024-01-13T10:13:29 | INFO | utils.optimizer : param module.text_encoder.encoder.layer.5.intermediate.dense.bias: wd: 0, lr: 1e-05
2024-01-13T10:13:29 | INFO | utils.optimizer : param module.text_encoder.encoder.layer.5.output.dense.weight: wd: 0.02, lr: 1e-05
2024-01-13T10:13:29 | INFO | utils.optimizer : param module.text_encoder.encoder.layer.5.output.dense.bias: wd: 0, lr: 1e-05
2024-01-13T10:13:29 | INFO | utils.optimizer : param module.text_encoder.encoder.layer.5.output.LayerNorm.weight: wd: 0, lr: 1e-05
2024-01-13T10:13:29 | INFO | utils.optimizer : param module.text_encoder.encoder.layer.5.output.LayerNorm.bias: wd: 0, lr: 1e-05
2024-01-13T10:13:29 | INFO | utils.optimizer : param module.text_encoder.encoder.layer.6.attention.self.query.weight: wd: 0.02, lr: 1e-05
2024-01-13T10:13:29 | INFO | utils.optimizer : param module.text_encoder.encoder.layer.6.attention.self.query.bias: wd: 0, lr: 1e-05
2024-01-13T10:13:29 | INFO | utils.optimizer : param module.text_encoder.encoder.layer.6.attention.self.key.weight: wd: 0.02, lr: 1e-05
2024-01-13T10:13:29 | INFO | utils.optimizer : param module.text_encoder.encoder.layer.6.attention.self.key.bias: wd: 0, lr: 1e-05
2024-01-13T10:13:29 | INFO | utils.optimizer : param module.text_encoder.encoder.layer.6.attention.self.value.weight: wd: 0.02, lr: 1e-05
2024-01-13T10:13:29 | INFO | utils.optimizer : param module.text_encoder.encoder.layer.6.attention.self.value.bias: wd: 0, lr: 1e-05
2024-01-13T10:13:29 | INFO | utils.optimizer : param module.text_encoder.encoder.layer.6.attention.output.dense.weight: wd: 0.02, lr: 1e-05
2024-01-13T10:13:29 | INFO | utils.optimizer : param module.text_encoder.encoder.layer.6.attention.output.dense.bias: wd: 0, lr: 1e-05
2024-01-13T10:13:29 | INFO | utils.optimizer : param module.text_encoder.encoder.layer.6.attention.output.LayerNorm.weight: wd: 0, lr: 1e-05
2024-01-13T10:13:29 | INFO | utils.optimizer : param module.text_encoder.encoder.layer.6.attention.output.LayerNorm.bias: wd: 0, lr: 1e-05
2024-01-13T10:13:29 | INFO | utils.optimizer : param module.text_encoder.encoder.layer.6.intermediate.dense.weight: wd: 0.02, lr: 1e-05
2024-01-13T10:13:29 | INFO | utils.optimizer : param module.text_encoder.encoder.layer.6.intermediate.dense.bias: wd: 0, lr: 1e-05
2024-01-13T10:13:29 | INFO | utils.optimizer : param module.text_encoder.encoder.layer.6.output.dense.weight: wd: 0.02, lr: 1e-05
2024-01-13T10:13:29 | INFO | utils.optimizer : param module.text_encoder.encoder.layer.6.output.dense.bias: wd: 0, lr: 1e-05
2024-01-13T10:13:29 | INFO | utils.optimizer : param module.text_encoder.encoder.layer.6.output.LayerNorm.weight: wd: 0, lr: 1e-05
2024-01-13T10:13:29 | INFO | utils.optimizer : param module.text_encoder.encoder.layer.6.output.LayerNorm.bias: wd: 0, lr: 1e-05
2024-01-13T10:13:29 | INFO | utils.optimizer : param module.text_encoder.encoder.layer.7.attention.self.query.weight: wd: 0.02, lr: 1e-05
2024-01-13T10:13:29 | INFO | utils.optimizer : param module.text_encoder.encoder.layer.7.attention.self.query.bias: wd: 0, lr: 1e-05
2024-01-13T10:13:29 | INFO | utils.optimizer : param module.text_encoder.encoder.layer.7.attention.self.key.weight: wd: 0.02, lr: 1e-05
2024-01-13T10:13:29 | INFO | utils.optimizer : param module.text_encoder.encoder.layer.7.attention.self.key.bias: wd: 0, lr: 1e-05
2024-01-13T10:13:29 | INFO | utils.optimizer : param module.text_encoder.encoder.layer.7.attention.self.value.weight: wd: 0.02, lr: 1e-05
2024-01-13T10:13:29 | INFO | utils.optimizer : param module.text_encoder.encoder.layer.7.attention.self.value.bias: wd: 0, lr: 1e-05
2024-01-13T10:13:29 | INFO | utils.optimizer : param module.text_encoder.encoder.layer.7.attention.output.dense.weight: wd: 0.02, lr: 1e-05
2024-01-13T10:13:29 | INFO | utils.optimizer : param module.text_encoder.encoder.layer.7.attention.output.dense.bias: wd: 0, lr: 1e-05
2024-01-13T10:13:29 | INFO | utils.optimizer : param module.text_encoder.encoder.layer.7.attention.output.LayerNorm.weight: wd: 0, lr: 1e-05
2024-01-13T10:13:29 | INFO | utils.optimizer : param module.text_encoder.encoder.layer.7.attention.output.LayerNorm.bias: wd: 0, lr: 1e-05
2024-01-13T10:13:29 | INFO | utils.optimizer : param module.text_encoder.encoder.layer.7.intermediate.dense.weight: wd: 0.02, lr: 1e-05
2024-01-13T10:13:29 | INFO | utils.optimizer : param module.text_encoder.encoder.layer.7.intermediate.dense.bias: wd: 0, lr: 1e-05
2024-01-13T10:13:29 | INFO | utils.optimizer : param module.text_encoder.encoder.layer.7.output.dense.weight: wd: 0.02, lr: 1e-05
2024-01-13T10:13:29 | INFO | utils.optimizer : param module.text_encoder.encoder.layer.7.output.dense.bias: wd: 0, lr: 1e-05
2024-01-13T10:13:29 | INFO | utils.optimizer : param module.text_encoder.encoder.layer.7.output.LayerNorm.weight: wd: 0, lr: 1e-05
2024-01-13T10:13:29 | INFO | utils.optimizer : param module.text_encoder.encoder.layer.7.output.LayerNorm.bias: wd: 0, lr: 1e-05
2024-01-13T10:13:29 | INFO | utils.optimizer : param module.text_encoder.encoder.layer.8.attention.self.query.weight: wd: 0.02, lr: 1e-05
2024-01-13T10:13:29 | INFO | utils.optimizer : param module.text_encoder.encoder.layer.8.attention.self.query.bias: wd: 0, lr: 1e-05
2024-01-13T10:13:29 | INFO | utils.optimizer : param module.text_encoder.encoder.layer.8.attention.self.key.weight: wd: 0.02, lr: 1e-05
2024-01-13T10:13:29 | INFO | utils.optimizer : param module.text_encoder.encoder.layer.8.attention.self.key.bias: wd: 0, lr: 1e-05
2024-01-13T10:13:29 | INFO | utils.optimizer : param module.text_encoder.encoder.layer.8.attention.self.value.weight: wd: 0.02, lr: 1e-05
2024-01-13T10:13:29 | INFO | utils.optimizer : param module.text_encoder.encoder.layer.8.attention.self.value.bias: wd: 0, lr: 1e-05
2024-01-13T10:13:29 | INFO | utils.optimizer : param module.text_encoder.encoder.layer.8.attention.output.dense.weight: wd: 0.02, lr: 1e-05
2024-01-13T10:13:29 | INFO | utils.optimizer : param module.text_encoder.encoder.layer.8.attention.output.dense.bias: wd: 0, lr: 1e-05
2024-01-13T10:13:29 | INFO | utils.optimizer : param module.text_encoder.encoder.layer.8.attention.output.LayerNorm.weight: wd: 0, lr: 1e-05
2024-01-13T10:13:29 | INFO | utils.optimizer : param module.text_encoder.encoder.layer.8.attention.output.LayerNorm.bias: wd: 0, lr: 1e-05
2024-01-13T10:13:29 | INFO | utils.optimizer : param module.text_encoder.encoder.layer.8.intermediate.dense.weight: wd: 0.02, lr: 1e-05
2024-01-13T10:13:29 | INFO | utils.optimizer : param module.text_encoder.encoder.layer.8.intermediate.dense.bias: wd: 0, lr: 1e-05
2024-01-13T10:13:29 | INFO | utils.optimizer : param module.text_encoder.encoder.layer.8.output.dense.weight: wd: 0.02, lr: 1e-05
2024-01-13T10:13:29 | INFO | utils.optimizer : param module.text_encoder.encoder.layer.8.output.dense.bias: wd: 0, lr: 1e-05
2024-01-13T10:13:29 | INFO | utils.optimizer : param module.text_encoder.encoder.layer.8.output.LayerNorm.weight: wd: 0, lr: 1e-05
2024-01-13T10:13:29 | INFO | utils.optimizer : param module.text_encoder.encoder.layer.8.output.LayerNorm.bias: wd: 0, lr: 1e-05
2024-01-13T10:13:29 | INFO | utils.optimizer : param module.text_encoder.encoder.layer.9.attention.self.query.weight: wd: 0.02, lr: 1e-05
2024-01-13T10:13:29 | INFO | utils.optimizer : param module.text_encoder.encoder.layer.9.attention.self.query.bias: wd: 0, lr: 1e-05
2024-01-13T10:13:29 | INFO | utils.optimizer : param module.text_encoder.encoder.layer.9.attention.self.key.weight: wd: 0.02, lr: 1e-05
2024-01-13T10:13:29 | INFO | utils.optimizer : param module.text_encoder.encoder.layer.9.attention.self.key.bias: wd: 0, lr: 1e-05
2024-01-13T10:13:29 | INFO | utils.optimizer : param module.text_encoder.encoder.layer.9.attention.self.value.weight: wd: 0.02, lr: 1e-05
2024-01-13T10:13:29 | INFO | utils.optimizer : param module.text_encoder.encoder.layer.9.attention.self.value.bias: wd: 0, lr: 1e-05
2024-01-13T10:13:29 | INFO | utils.optimizer : param module.text_encoder.encoder.layer.9.attention.output.dense.weight: wd: 0.02, lr: 1e-05
2024-01-13T10:13:29 | INFO | utils.optimizer : param module.text_encoder.encoder.layer.9.attention.output.dense.bias: wd: 0, lr: 1e-05
2024-01-13T10:13:29 | INFO | utils.optimizer : param module.text_encoder.encoder.layer.9.attention.output.LayerNorm.weight: wd: 0, lr: 1e-05
2024-01-13T10:13:29 | INFO | utils.optimizer : param module.text_encoder.encoder.layer.9.attention.output.LayerNorm.bias: wd: 0, lr: 1e-05
2024-01-13T10:13:29 | INFO | utils.optimizer : param module.text_encoder.encoder.layer.9.crossattention.self.query.weight: wd: 0.02, lr: 1e-05
2024-01-13T10:13:29 | INFO | utils.optimizer : param module.text_encoder.encoder.layer.9.crossattention.self.query.bias: wd: 0, lr: 1e-05
2024-01-13T10:13:29 | INFO | utils.optimizer : param module.text_encoder.encoder.layer.9.crossattention.self.key.weight: wd: 0.02, lr: 1e-05
2024-01-13T10:13:29 | INFO | utils.optimizer : param module.text_encoder.encoder.layer.9.crossattention.self.key.bias: wd: 0, lr: 1e-05
2024-01-13T10:13:29 | INFO | utils.optimizer : param module.text_encoder.encoder.layer.9.crossattention.self.value.weight: wd: 0.02, lr: 1e-05
2024-01-13T10:13:29 | INFO | utils.optimizer : param module.text_encoder.encoder.layer.9.crossattention.self.value.bias: wd: 0, lr: 1e-05
2024-01-13T10:13:29 | INFO | utils.optimizer : param module.text_encoder.encoder.layer.9.crossattention.output.dense.weight: wd: 0.02, lr: 1e-05
2024-01-13T10:13:29 | INFO | utils.optimizer : param module.text_encoder.encoder.layer.9.crossattention.output.dense.bias: wd: 0, lr: 1e-05
2024-01-13T10:13:29 | INFO | utils.optimizer : param module.text_encoder.encoder.layer.9.crossattention.output.LayerNorm.weight: wd: 0, lr: 1e-05
2024-01-13T10:13:29 | INFO | utils.optimizer : param module.text_encoder.encoder.layer.9.crossattention.output.LayerNorm.bias: wd: 0, lr: 1e-05
2024-01-13T10:13:29 | INFO | utils.optimizer : param module.text_encoder.encoder.layer.9.intermediate.dense.weight: wd: 0.02, lr: 1e-05
2024-01-13T10:13:29 | INFO | utils.optimizer : param module.text_encoder.encoder.layer.9.intermediate.dense.bias: wd: 0, lr: 1e-05
2024-01-13T10:13:29 | INFO | utils.optimizer : param module.text_encoder.encoder.layer.9.output.dense.weight: wd: 0.02, lr: 1e-05
2024-01-13T10:13:29 | INFO | utils.optimizer : param module.text_encoder.encoder.layer.9.output.dense.bias: wd: 0, lr: 1e-05
2024-01-13T10:13:29 | INFO | utils.optimizer : param module.text_encoder.encoder.layer.9.output.LayerNorm.weight: wd: 0, lr: 1e-05
2024-01-13T10:13:29 | INFO | utils.optimizer : param module.text_encoder.encoder.layer.9.output.LayerNorm.bias: wd: 0, lr: 1e-05
2024-01-13T10:13:29 | INFO | utils.optimizer : param module.text_encoder.encoder.layer.10.attention.self.query.weight: wd: 0.02, lr: 1e-05
2024-01-13T10:13:29 | INFO | utils.optimizer : param module.text_encoder.encoder.layer.10.attention.self.query.bias: wd: 0, lr: 1e-05
2024-01-13T10:13:29 | INFO | utils.optimizer : param module.text_encoder.encoder.layer.10.attention.self.key.weight: wd: 0.02, lr: 1e-05
2024-01-13T10:13:29 | INFO | utils.optimizer : param module.text_encoder.encoder.layer.10.attention.self.key.bias: wd: 0, lr: 1e-05
2024-01-13T10:13:29 | INFO | utils.optimizer : param module.text_encoder.encoder.layer.10.attention.self.value.weight: wd: 0.02, lr: 1e-05
2024-01-13T10:13:29 | INFO | utils.optimizer : param module.text_encoder.encoder.layer.10.attention.self.value.bias: wd: 0, lr: 1e-05
2024-01-13T10:13:29 | INFO | utils.optimizer : param module.text_encoder.encoder.layer.10.attention.output.dense.weight: wd: 0.02, lr: 1e-05
2024-01-13T10:13:29 | INFO | utils.optimizer : param module.text_encoder.encoder.layer.10.attention.output.dense.bias: wd: 0, lr: 1e-05
2024-01-13T10:13:29 | INFO | utils.optimizer : param module.text_encoder.encoder.layer.10.attention.output.LayerNorm.weight: wd: 0, lr: 1e-05
2024-01-13T10:13:29 | INFO | utils.optimizer : param module.text_encoder.encoder.layer.10.attention.output.LayerNorm.bias: wd: 0, lr: 1e-05
2024-01-13T10:13:29 | INFO | utils.optimizer : param module.text_encoder.encoder.layer.10.crossattention.self.query.weight: wd: 0.02, lr: 1e-05
2024-01-13T10:13:29 | INFO | utils.optimizer : param module.text_encoder.encoder.layer.10.crossattention.self.query.bias: wd: 0, lr: 1e-05
2024-01-13T10:13:29 | INFO | utils.optimizer : param module.text_encoder.encoder.layer.10.crossattention.self.key.weight: wd: 0.02, lr: 1e-05
2024-01-13T10:13:29 | INFO | utils.optimizer : param module.text_encoder.encoder.layer.10.crossattention.self.key.bias: wd: 0, lr: 1e-05
2024-01-13T10:13:29 | INFO | utils.optimizer : param module.text_encoder.encoder.layer.10.crossattention.self.value.weight: wd: 0.02, lr: 1e-05
2024-01-13T10:13:29 | INFO | utils.optimizer : param module.text_encoder.encoder.layer.10.crossattention.self.value.bias: wd: 0, lr: 1e-05
2024-01-13T10:13:29 | INFO | utils.optimizer : param module.text_encoder.encoder.layer.10.crossattention.output.dense.weight: wd: 0.02, lr: 1e-05
2024-01-13T10:13:29 | INFO | utils.optimizer : param module.text_encoder.encoder.layer.10.crossattention.output.dense.bias: wd: 0, lr: 1e-05
2024-01-13T10:13:29 | INFO | utils.optimizer : param module.text_encoder.encoder.layer.10.crossattention.output.LayerNorm.weight: wd: 0, lr: 1e-05
2024-01-13T10:13:29 | INFO | utils.optimizer : param module.text_encoder.encoder.layer.10.crossattention.output.LayerNorm.bias: wd: 0, lr: 1e-05
2024-01-13T10:13:29 | INFO | utils.optimizer : param module.text_encoder.encoder.layer.10.intermediate.dense.weight: wd: 0.02, lr: 1e-05
2024-01-13T10:13:29 | INFO | utils.optimizer : param module.text_encoder.encoder.layer.10.intermediate.dense.bias: wd: 0, lr: 1e-05
2024-01-13T10:13:29 | INFO | utils.optimizer : param module.text_encoder.encoder.layer.10.output.dense.weight: wd: 0.02, lr: 1e-05
2024-01-13T10:13:29 | INFO | utils.optimizer : param module.text_encoder.encoder.layer.10.output.dense.bias: wd: 0, lr: 1e-05
2024-01-13T10:13:29 | INFO | utils.optimizer : param module.text_encoder.encoder.layer.10.output.LayerNorm.weight: wd: 0, lr: 1e-05
2024-01-13T10:13:29 | INFO | utils.optimizer : param module.text_encoder.encoder.layer.10.output.LayerNorm.bias: wd: 0, lr: 1e-05
2024-01-13T10:13:29 | INFO | utils.optimizer : param module.text_encoder.encoder.layer.11.attention.self.query.weight: wd: 0.02, lr: 1e-05
2024-01-13T10:13:29 | INFO | utils.optimizer : param module.text_encoder.encoder.layer.11.attention.self.query.bias: wd: 0, lr: 1e-05
2024-01-13T10:13:29 | INFO | utils.optimizer : param module.text_encoder.encoder.layer.11.attention.self.key.weight: wd: 0.02, lr: 1e-05
2024-01-13T10:13:29 | INFO | utils.optimizer : param module.text_encoder.encoder.layer.11.attention.self.key.bias: wd: 0, lr: 1e-05
2024-01-13T10:13:29 | INFO | utils.optimizer : param module.text_encoder.encoder.layer.11.attention.self.value.weight: wd: 0.02, lr: 1e-05
2024-01-13T10:13:29 | INFO | utils.optimizer : param module.text_encoder.encoder.layer.11.attention.self.value.bias: wd: 0, lr: 1e-05
2024-01-13T10:13:29 | INFO | utils.optimizer : param module.text_encoder.encoder.layer.11.attention.output.dense.weight: wd: 0.02, lr: 1e-05
2024-01-13T10:13:29 | INFO | utils.optimizer : param module.text_encoder.encoder.layer.11.attention.output.dense.bias: wd: 0, lr: 1e-05
2024-01-13T10:13:29 | INFO | utils.optimizer : param module.text_encoder.encoder.layer.11.attention.output.LayerNorm.weight: wd: 0, lr: 1e-05
2024-01-13T10:13:29 | INFO | utils.optimizer : param module.text_encoder.encoder.layer.11.attention.output.LayerNorm.bias: wd: 0, lr: 1e-05
2024-01-13T10:13:29 | INFO | utils.optimizer : param module.text_encoder.encoder.layer.11.crossattention.self.query.weight: wd: 0.02, lr: 1e-05
2024-01-13T10:13:29 | INFO | utils.optimizer : param module.text_encoder.encoder.layer.11.crossattention.self.query.bias: wd: 0, lr: 1e-05
2024-01-13T10:13:29 | INFO | utils.optimizer : param module.text_encoder.encoder.layer.11.crossattention.self.key.weight: wd: 0.02, lr: 1e-05
2024-01-13T10:13:29 | INFO | utils.optimizer : param module.text_encoder.encoder.layer.11.crossattention.self.key.bias: wd: 0, lr: 1e-05
2024-01-13T10:13:29 | INFO | utils.optimizer : param module.text_encoder.encoder.layer.11.crossattention.self.value.weight: wd: 0.02, lr: 1e-05
2024-01-13T10:13:29 | INFO | utils.optimizer : param module.text_encoder.encoder.layer.11.crossattention.self.value.bias: wd: 0, lr: 1e-05
2024-01-13T10:13:29 | INFO | utils.optimizer : param module.text_encoder.encoder.layer.11.crossattention.output.dense.weight: wd: 0.02, lr: 1e-05
2024-01-13T10:13:29 | INFO | utils.optimizer : param module.text_encoder.encoder.layer.11.crossattention.output.dense.bias: wd: 0, lr: 1e-05
2024-01-13T10:13:29 | INFO | utils.optimizer : param module.text_encoder.encoder.layer.11.crossattention.output.LayerNorm.weight: wd: 0, lr: 1e-05
2024-01-13T10:13:29 | INFO | utils.optimizer : param module.text_encoder.encoder.layer.11.crossattention.output.LayerNorm.bias: wd: 0, lr: 1e-05
2024-01-13T10:13:29 | INFO | utils.optimizer : param module.text_encoder.encoder.layer.11.intermediate.dense.weight: wd: 0.02, lr: 1e-05
2024-01-13T10:13:29 | INFO | utils.optimizer : param module.text_encoder.encoder.layer.11.intermediate.dense.bias: wd: 0, lr: 1e-05
2024-01-13T10:13:29 | INFO | utils.optimizer : param module.text_encoder.encoder.layer.11.output.dense.weight: wd: 0.02, lr: 1e-05
2024-01-13T10:13:29 | INFO | utils.optimizer : param module.text_encoder.encoder.layer.11.output.dense.bias: wd: 0, lr: 1e-05
2024-01-13T10:13:29 | INFO | utils.optimizer : param module.text_encoder.encoder.layer.11.output.LayerNorm.weight: wd: 0, lr: 1e-05
2024-01-13T10:13:29 | INFO | utils.optimizer : param module.text_encoder.encoder.layer.11.output.LayerNorm.bias: wd: 0, lr: 1e-05
2024-01-13T10:13:29 | INFO | utils.optimizer : param module.vision_proj.weight: wd: 0.02, lr: 1e-05
2024-01-13T10:13:29 | INFO | utils.optimizer : param module.vision_proj.bias: wd: 0, lr: 1e-05
2024-01-13T10:13:29 | INFO | utils.optimizer : param module.text_proj.weight: wd: 0.02, lr: 1e-05
2024-01-13T10:13:29 | INFO | utils.optimizer : param module.text_proj.bias: wd: 0, lr: 1e-05
2024-01-13T10:13:29 | INFO | utils.optimizer : param module.itm_head.weight: wd: 0.02, lr: 1e-05
2024-01-13T10:13:29 | INFO | utils.optimizer : param module.itm_head.bias: wd: 0, lr: 1e-05
2024-01-13T10:13:29 | INFO | utils.optimizer : optimizer -- lr=1e-05 wd=0.02 len(p)=140
2024-01-13T10:13:29 | INFO | utils.optimizer : optimizer -- lr=1e-05 wd=0 len(p)=256
2024-01-13T10:13:29 | INFO | tasks.shared_utils : Auto resuming
2024-01-13T10:13:29 | INFO | tasks.shared_utils : Not found checkpoint in exp/finetuning/ret_rtime/b16_25m_200k_4frame_1k
2024-01-13T10:13:31 | INFO | tasks.shared_utils : <All keys matched successfully>
2024-01-13T10:13:31 | INFO | tasks.shared_utils : Loaded checkpoint from /data2/dy/code/unmasked_teacher/multi_modality/exp/finetuning/ret_rtime/b16_25m_200k_4frame/ckpt_best.pth
2024-01-13T10:13:31 | INFO | __main__ : Start evaluation
2024-01-13T10:13:31 | INFO | tasks.retrieval_utils : Start evaluation for media_type=video
2024-01-13T10:13:31 | INFO | tasks.retrieval_utils : Computing dual encoder features...
2024-01-13T10:13:44 | WARNING | py.warnings : /data2/dy/code/unmasked_teacher/multi_modality/utils/distributed.py:18: UserWarning: None of the inputs have requires_grad=True. Gradients will be None
  builtin_warn(*args, **kwargs)

2024-01-13T10:13:44 | WARNING | py.warnings : /data2/dy/code/unmasked_teacher/multi_modality/utils/distributed.py:18: UserWarning: None of the inputs have requires_grad=True. Gradients will be None
  builtin_warn(*args, **kwargs)

2024-01-13T10:13:45 | INFO | utils.basic_utils : extracting image feats  [ 0/32]  eta: 0:06:32    time: 12.2809  data: 10.3185  max mem: 3743 res mem: 4648
2024-01-13T10:14:29 | INFO | utils.basic_utils : extracting image feats  [31/32]  eta: 0:00:01    time: 1.7135  data: 1.4962  max mem: 3826 res mem: 4650
2024-01-13T10:14:29 | INFO | utils.basic_utils : extracting image feats Total time: 0:00:56 (1.7612 s / it)
2024-01-13T10:14:30 | INFO | tasks.retrieval_utils : Finished feature extraction
2024-01-13T10:14:30 | INFO | tasks.retrieval_utils : Computing ITC scores [dot-product]
2024-01-13T10:14:30 | INFO | tasks.retrieval_utils : Computing ITC scores [dot-product], done!
2024-01-13T10:14:30 | INFO | tasks.retrieval_utils : Rerank dual-encoder results with cross-encoder...
2024-01-13T10:14:30 | INFO | tasks.retrieval_utils : i2t_scores.shape torch.Size([1000, 1000])
2024-01-13T10:14:30 | INFO | tasks.retrieval_utils : n_clip_per_video=1, with eval_frame_ensemble=concat
2024-01-13T10:14:30 | INFO | utils.basic_utils : Evaluation:  [   0/1000]  eta: 0:00:20    time: 0.0209  data: 0.0008  max mem: 3826 res mem: 4650
2024-01-13T10:14:33 | INFO | utils.basic_utils : Evaluation:  [ 100/1000]  eta: 0:00:25    time: 0.0280  data: 0.0000  max mem: 3826 res mem: 4650
2024-01-13T10:14:36 | INFO | utils.basic_utils : Evaluation:  [ 200/1000]  eta: 0:00:22    time: 0.0279  data: 0.0000  max mem: 3826 res mem: 4650
2024-01-13T10:14:39 | INFO | utils.basic_utils : Evaluation:  [ 300/1000]  eta: 0:00:19    time: 0.0280  data: 0.0000  max mem: 3826 res mem: 4650
2024-01-13T10:14:42 | INFO | utils.basic_utils : Evaluation:  [ 400/1000]  eta: 0:00:16    time: 0.0281  data: 0.0000  max mem: 3826 res mem: 4650
2024-01-13T10:14:44 | INFO | utils.basic_utils : Evaluation:  [ 500/1000]  eta: 0:00:14    time: 0.0281  data: 0.0000  max mem: 3826 res mem: 4650
2024-01-13T10:14:47 | INFO | utils.basic_utils : Evaluation:  [ 600/1000]  eta: 0:00:11    time: 0.0281  data: 0.0000  max mem: 3826 res mem: 4650
2024-01-13T10:14:50 | INFO | utils.basic_utils : Evaluation:  [ 700/1000]  eta: 0:00:08    time: 0.0282  data: 0.0000  max mem: 3826 res mem: 4650
2024-01-13T10:14:53 | INFO | utils.basic_utils : Evaluation:  [ 800/1000]  eta: 0:00:05    time: 0.0282  data: 0.0000  max mem: 3826 res mem: 4650
2024-01-13T10:14:56 | INFO | utils.basic_utils : Evaluation:  [ 900/1000]  eta: 0:00:02    time: 0.0282  data: 0.0000  max mem: 3826 res mem: 4650
2024-01-13T10:14:59 | INFO | utils.basic_utils : Evaluation:  [ 999/1000]  eta: 0:00:00    time: 0.0282  data: 0.0000  max mem: 3826 res mem: 4650
2024-01-13T10:14:59 | INFO | utils.basic_utils : Evaluation: Total time: 0:00:28 (0.0281 s / it)
2024-01-13T10:14:59 | INFO | tasks.retrieval_utils : t2i_scores.shape torch.Size([1000, 1000])
2024-01-13T10:14:59 | INFO | utils.basic_utils : Evaluation:  [   0/1000]  eta: 0:04:49    time: 0.2900  data: 0.0007  max mem: 3826 res mem: 4650
2024-01-13T10:15:23 | INFO | utils.basic_utils : Evaluation:  [ 100/1000]  eta: 0:03:35    time: 0.2346  data: 0.0000  max mem: 3826 res mem: 4650
2024-01-13T10:15:47 | INFO | utils.basic_utils : Evaluation:  [ 200/1000]  eta: 0:03:10    time: 0.2384  data: 0.0000  max mem: 3826 res mem: 4650
2024-01-13T10:16:10 | INFO | utils.basic_utils : Evaluation:  [ 300/1000]  eta: 0:02:46    time: 0.2318  data: 0.0000  max mem: 3826 res mem: 4650
2024-01-13T10:16:34 | INFO | utils.basic_utils : Evaluation:  [ 400/1000]  eta: 0:02:22    time: 0.2340  data: 0.0000  max mem: 3826 res mem: 4650
2024-01-13T10:16:57 | INFO | utils.basic_utils : Evaluation:  [ 500/1000]  eta: 0:01:58    time: 0.2369  data: 0.0000  max mem: 3826 res mem: 4650
2024-01-13T10:17:21 | INFO | utils.basic_utils : Evaluation:  [ 600/1000]  eta: 0:01:34    time: 0.2418  data: 0.0000  max mem: 3826 res mem: 4650
2024-01-13T10:17:45 | INFO | utils.basic_utils : Evaluation:  [ 700/1000]  eta: 0:01:11    time: 0.2379  data: 0.0000  max mem: 3826 res mem: 4650
2024-01-13T10:18:09 | INFO | utils.basic_utils : Evaluation:  [ 800/1000]  eta: 0:00:47    time: 0.2451  data: 0.0000  max mem: 3826 res mem: 4650
2024-01-13T10:18:32 | INFO | utils.basic_utils : Evaluation:  [ 900/1000]  eta: 0:00:23    time: 0.2298  data: 0.0000  max mem: 3826 res mem: 4650
2024-01-13T10:18:56 | INFO | utils.basic_utils : Evaluation:  [ 999/1000]  eta: 0:00:00    time: 0.2368  data: 0.0000  max mem: 3826 res mem: 4650
2024-01-13T10:18:56 | INFO | utils.basic_utils : Evaluation: Total time: 0:03:57 (0.2371 s / it)
2024-01-13T10:18:56 | INFO | tasks.retrieval_utils : Evaluation time 0:05:24
2024-01-13T10:18:56 | INFO | __main__ : Epoch 0
2024-01-13T10:18:56 | INFO | __main__ : 
           txt_r1  txt_r5  txt_r10  txt_r_mean  img_r1  img_r5  img_r10  img_r_mean  r_mean  txt_acc  img_acc
test/        83.5    98.2     99.3       93.67    84.1    98.1     99.1       93.77   93.72     99.9     99.7
test_emb/    78.6    97.9     99.0       91.83    78.8    97.4     98.8       91.67   91.75     99.8     99.7
2024-01-13T10:18:56 | INFO | __main__ : Training time 0:05:24
2024-01-13T10:18:56 | INFO | __main__ : best epoch 0 [config.stop_key test/]
2024-01-13T10:18:56 | INFO | __main__ : Checkpoints and Logs saved at exp/finetuning/ret_rtime/b16_25m_200k_4frame_1k
